2026-06-11 15:04:59 pdf_path: '/home/hnetdiih/public_html/3afshin.hnet-diigital.biz.id/tmp/033_CUST00010_1781190299.pdf'
2026-06-11 15:08:36 pdf_path: false
2026-06-11 15:09:29 pdf_path: '/home/hnetdiih/public_html/3afshin.hnet-diigital.biz.id/tmp/033_CUST00010_1781190569.pdf'
2026-06-11 15:11:57 pdf_path: '/home/hnetdiih/public_html/3afshin.hnet-diigital.biz.id/tmp/033_CUST00010_1781190717.pdf'
2026-06-11 15:13:08 pdf_path: '/home/hnetdiih/public_html/3afshin.hnet-diigital.biz.id/tmp/033_CUST00010_1781190788.pdf'
2026-06-11 15:13:42 pdf_path: '/home/hnetdiih/public_html/3afshin.hnet-diigital.biz.id/tmp/033_CUST00010_1781190822.pdf'
2026-06-11 15:18:31 pdf_path: '/home/hnetdiih/public_html/3afshin.hnet-diigital.biz.id/tmp/025_CUST00010_1781191111.pdf'
2026-06-11 15:22:10 pdf_path: '/home/hnetdiih/public_html/3afshin.hnet-diigital.biz.id/tmp/025_CUST00010_1781191330.pdf'
2026-06-11 23:54:49 pdf_path: '/home/hnetdiih/public_html/3afshin.hnet-diigital.biz.id/tmp/025_CUST00010_1781222089.pdf'
2026-06-12 00:38:10 pdf_path: '/home/hnetdiih/public_html/3afshin.hnet-diigital.biz.id/tmp/043_CUST00008_1781224690.pdf'
2026-06-12 03:51:48 pdf_path: '/home/hnetdiih/public_html/3afshin.hnet-diigital.biz.id/tmp/031PHARTIV2026 Quotation PT INKOASKU.pdf'
2026-06-12 03:52:19 pdf_path: '/home/hnetdiih/public_html/3afshin.hnet-diigital.biz.id/tmp/031PHARTIV2026 Quotation PT INKOASKU.pdf'
2026-06-12 04:37:25 pdf_path: '/home/hnetdiih/public_html/3afshin.hnet-diigital.biz.id/tmp/031PHARTIV2026 Quotation PT INKOASKU.pdf'
2026-06-12 04:41:38 pdf_path: '/home/hnetdiih/public_html/3afshin.hnet-diigital.biz.id/tmp/008PHARTI2026 Quotation PT INKOASKU.pdf'
2026-06-12 10:26:56 pdf_path: '/home/hnetdiih/public_html/3afshin.hnet-diigital.biz.id/tmp/022PHARTIII2026 Quotation PT INKOASKU.pdf'
2026-06-12 10:38:06 pdf_path: '/home/hnetdiih/public_html/3afshin.hnet-diigital.biz.id/tmp/022PHARTIII2026 Quotation PT INKOASKU.pdf'
2026-06-12 10:43:12 pdf_path: '/home/hnetdiih/public_html/3afshin.hnet-diigital.biz.id/tmp/031PHARTIV2026 Quotation PT INKOASKU.pdf'
2026-06-16 05:27:22 pdf_path: '/home/hnetdiih/public_html/3afshin.hnet-diigital.biz.id/tmp/043PHARTVI2026 Quotation PT PAKOAKUINA.pdf'
2026-06-24 05:29:34 pdf_path: '/home/hnetdiih/public_html/3afshin.hnet-diigital.biz.id/tmp/044PHARTVI2026 Quotation PT. Tirta Intimizu Nusantara.pdf'
2026-06-24 07:47:54 pdf_path: '/home/hnetdiih/public_html/3afshin.hnet-diigital.biz.id/tmp/044PHARTVI2026 Quotation PT. Tirta Intimizu Nusantara.pdf'
2026-06-24 07:50:01 pdf_path: '/home/hnetdiih/public_html/3afshin.hnet-diigital.biz.id/tmp/048PHARTVI2026 Quotation PT. Tirta Intimizu Nusantara.pdf'
2026-07-01 15:48:36 pdf_path: '/home/hnetdiih/public_html/3afshin.hnet-diigital.biz.id/tmp/051PHARTVII2026 Quotation PT. JTEKT COLUMN SYSTEMS INDONESIA.pdf'
